<?xml version="1.0" encoding="UTF-8"?>
<testsuite name="_959.server_waypoint.common.client.gui.screens.RemoteGuiTranslationTest" tests="1" skipped="0" failures="0" errors="0" timestamp="2026-09-09T05:12:07.751Z" hostname="Mac-mini.local" time="0.011">
  <properties/>
  <testcase name="allSixLocalesCoverRemoteGuiKeysAndPlaceholders()" classname="_959.server_waypoint.common.client.gui.screens.RemoteGuiTranslationTest" time="0.011"/>
  <system-out><![CDATA[]]></system-out>
  <system-err><![CDATA[]]></system-err>
</testsuite>
