<?xml version="1.0" encoding="UTF-8"?>
<testsuite name="_959.server_waypoint.crossserver.transport.TcpTransportTest" tests="45" skipped="0" failures="0" errors="0" timestamp="2026-09-09T14:47:16.937Z" hostname="Mac-mini.local" time="2.155">
  <properties/>
  <testcase name="[1] NOISE_KK" classname="_959.server_waypoint.crossserver.transport.TcpTransportTest" time="0.097"/>
  <testcase name="[2] PLAINTEXT" classname="_959.server_waypoint.crossserver.transport.TcpTransportTest" time="0.005"/>
  <testcase name="[1] NOISE_KK" classname="_959.server_waypoint.crossserver.transport.TcpTransportTest" time="0.033"/>
  <testcase name="[2] PLAINTEXT" classname="_959.server_waypoint.crossserver.transport.TcpTransportTest" time="0.006"/>
  <testcase name="[1] NOISE_KK" classname="_959.server_waypoint.crossserver.transport.TcpTransportTest" time="0.279"/>
  <testcase name="[2] PLAINTEXT" classname="_959.server_waypoint.crossserver.transport.TcpTransportTest" time="0.258"/>
  <testcase name="[1] NOISE_KK" classname="_959.server_waypoint.crossserver.transport.TcpTransportTest" time="0.329"/>
  <testcase name="[2] PLAINTEXT" classname="_959.server_waypoint.crossserver.transport.TcpTransportTest" time="0.322"/>
  <testcase name="wrongPinAndUnknownIdFailClosed()" classname="_959.server_waypoint.crossserver.transport.TcpTransportTest" time="0.006"/>
  <testcase name="[1] NOISE_KK" classname="_959.server_waypoint.crossserver.transport.TcpTransportTest" time="0.027"/>
  <testcase name="[2] PLAINTEXT" classname="_959.server_waypoint.crossserver.transport.TcpTransportTest" time="0.014"/>
  <testcase name="[1] 127.0.0.1" classname="_959.server_waypoint.crossserver.transport.TcpTransportTest" time="0.0"/>
  <testcase name="[2] 127.2.3.4" classname="_959.server_waypoint.crossserver.transport.TcpTransportTest" time="0.001"/>
  <testcase name="[3] ::1" classname="_959.server_waypoint.crossserver.transport.TcpTransportTest" time="0.0"/>
  <testcase name="[4] [::1]" classname="_959.server_waypoint.crossserver.transport.TcpTransportTest" time="0.0"/>
  <testcase name="[5] 0:0:0:0:0:0:0:1" classname="_959.server_waypoint.crossserver.transport.TcpTransportTest" time="0.0"/>
  <testcase name="prefaceVersionsSuitesAndBoundsAreStrict()" classname="_959.server_waypoint.crossserver.transport.TcpTransportTest" time="0.001"/>
  <testcase name="[1] NOISE_KK" classname="_959.server_waypoint.crossserver.transport.TcpTransportTest" time="0.011"/>
  <testcase name="[2] PLAINTEXT" classname="_959.server_waypoint.crossserver.transport.TcpTransportTest" time="0.002"/>
  <testcase name="invalidTagsAndEncryptedRecordReplayCloseSession()" classname="_959.server_waypoint.crossserver.transport.TcpTransportTest" time="0.006"/>
  <testcase name="slowHandshakeAndConnectionLimit()" classname="_959.server_waypoint.crossserver.transport.TcpTransportTest" time="0.203"/>
  <testcase name="[1] 0" classname="_959.server_waypoint.crossserver.transport.TcpTransportTest" time="0.004"/>
  <testcase name="[2] 1" classname="_959.server_waypoint.crossserver.transport.TcpTransportTest" time="0.003"/>
  <testcase name="[3] 2" classname="_959.server_waypoint.crossserver.transport.TcpTransportTest" time="0.308"/>
  <testcase name="[4] 3" classname="_959.server_waypoint.crossserver.transport.TcpTransportTest" time="0.008"/>
  <testcase name="[5] 4" classname="_959.server_waypoint.crossserver.transport.TcpTransportTest" time="0.008"/>
  <testcase name="[1] NOISE_KK" classname="_959.server_waypoint.crossserver.transport.TcpTransportTest" time="0.019"/>
  <testcase name="[2] PLAINTEXT" classname="_959.server_waypoint.crossserver.transport.TcpTransportTest" time="0.003"/>
  <testcase name="administrativeRevocationInvalidatesPendingHandshakeAndReadmission()" classname="_959.server_waypoint.crossserver.transport.TcpTransportTest" time="0.005"/>
  <testcase name="fullDuplexAndConcurrentWritersRemainSerialized()" classname="_959.server_waypoint.crossserver.transport.TcpTransportTest" time="0.008"/>
  <testcase name="[1] NOISE_KK" classname="_959.server_waypoint.crossserver.transport.TcpTransportTest" time="0.001"/>
  <testcase name="[2] PLAINTEXT" classname="_959.server_waypoint.crossserver.transport.TcpTransportTest" time="0.001"/>
  <testcase name="[1] NOISE_KK" classname="_959.server_waypoint.crossserver.transport.TcpTransportTest" time="0.007"/>
  <testcase name="[2] PLAINTEXT" classname="_959.server_waypoint.crossserver.transport.TcpTransportTest" time="0.001"/>
  <testcase name="closeInterruptsBlockedReadAndReleasesAdmission()" classname="_959.server_waypoint.crossserver.transport.TcpTransportTest" time="0.004"/>
  <testcase name="[1] NOISE_KK" classname="_959.server_waypoint.crossserver.transport.TcpTransportTest" time="0.142"/>
  <testcase name="[2] PLAINTEXT" classname="_959.server_waypoint.crossserver.transport.TcpTransportTest" time="0.012"/>
  <testcase name="[1] localhost" classname="_959.server_waypoint.crossserver.transport.TcpTransportTest" time="0.0"/>
  <testcase name="[2] 0.0.0.0" classname="_959.server_waypoint.crossserver.transport.TcpTransportTest" time="0.0"/>
  <testcase name="[3] ::" classname="_959.server_waypoint.crossserver.transport.TcpTransportTest" time="0.0"/>
  <testcase name="[4] 192.168.0.1" classname="_959.server_waypoint.crossserver.transport.TcpTransportTest" time="0.0"/>
  <testcase name="[5] 127.1" classname="_959.server_waypoint.crossserver.transport.TcpTransportTest" time="0.0"/>
  <testcase name="[6] 127.0.0.1.example" classname="_959.server_waypoint.crossserver.transport.TcpTransportTest" time="0.0"/>
  <testcase name="[7] ::ffff:127.0.0.1" classname="_959.server_waypoint.crossserver.transport.TcpTransportTest" time="0.0"/>
  <testcase name="[8] [::1%lo0]" classname="_959.server_waypoint.crossserver.transport.TcpTransportTest" time="0.001"/>
  <system-out><![CDATA[]]></system-out>
  <system-err><![CDATA[]]></system-err>
</testsuite>
