<?xml version="1.0" encoding="UTF-8"?>
<testsuite name="_959.server_waypoint.crossserver.PlatformArrivalSchedulingTest" tests="2" skipped="0" failures="0" errors="0" timestamp="2026-09-09T14:47:16.144Z" hostname="Mac-mini.local" time="0.295">
  <properties/>
  <testcase name="[1] mods" classname="_959.server_waypoint.crossserver.PlatformArrivalSchedulingTest" time="0.228"/>
  <testcase name="[2] paper" classname="_959.server_waypoint.crossserver.PlatformArrivalSchedulingTest" time="0.058"/>
  <system-out><![CDATA[]]></system-out>
  <system-err><![CDATA[]]></system-err>
</testsuite>
